$ bun x next build
   ▲ Next.js 15.5.3
   - Environments: .env

   Creating an optimized production build ...
getaddrinfo ENOTFOUND fonts.googleapis.com

Retrying 1/3...
getaddrinfo ENOTFOUND fonts.googleapis.com

Retrying 2/3...
getaddrinfo ENOTFOUND fonts.googleapis.com

Retrying 3/3...
[Error: getaddrinfo ENOTFOUND fonts.googleapis.com] {
  errno: -3008,
  code: 'ENOTFOUND',
  syscall: 'getaddrinfo',
  hostname: 'fonts.googleapis.com'
}
Failed to compile.

components/app/app-sidebar.tsx
`next/font` error:
Failed to fetch `DynaPuff` from Google Fonts.


> Build failed because of webpack errors
error: script "build" exited with code 1
