
[0m[2m[35m$[0m [2m[1mbun x tsc --noEmit[0m
[91merror[0m[90m TS5083: [0mCannot read file '/Users/mitchellwhite/Code/monte/tsconfig.base.json'.

[96mapp/(app)/students/[studentId]/page.tsx[0m:[93m313[0m:[93m18[0m - [91merror[0m[90m TS2552: [0mCannot find name 'Input'. Did you mean 'oninput'?

[7m313[0m                 <Input
[7m   [0m [91m                 ~~~~~[0m

  [96m../../node_modules/typescript/lib/lib.dom.d.ts[0m:[93m38917[0m:[93m13[0m
    [7m38917[0m declare var oninput: ((this: Window, ev: Event) => any) | null;
    [7m     [0m [96m            ~~~~~~~[0m
    'oninput' is declared here.

[96mapp/(app)/students/[studentId]/page.tsx[0m:[93m314[0m:[93m30[0m - [91merror[0m[90m TS7006: [0mParameter 'event' implicitly has an 'any' type.

[7m314[0m                   onChange={(event) => setNewParentName(event.target.value)}
[7m   [0m [91m                             ~~~~~[0m

[96mapp/(app)/students/[studentId]/page.tsx[0m:[93m318[0m:[93m18[0m - [91merror[0m[90m TS2552: [0mCannot find name 'Input'. Did you mean 'oninput'?

[7m318[0m                 <Input
[7m   [0m [91m                 ~~~~~[0m

  [96m../../node_modules/typescript/lib/lib.dom.d.ts[0m:[93m38917[0m:[93m13[0m
    [7m38917[0m declare var oninput: ((this: Window, ev: Event) => any) | null;
    [7m     [0m [96m            ~~~~~~~[0m
    'oninput' is declared here.

[96mapp/(app)/students/[studentId]/page.tsx[0m:[93m319[0m:[93m30[0m - [91merror[0m[90m TS7006: [0mParameter 'event' implicitly has an 'any' type.

[7m319[0m                   onChange={(event) => setNewParentEmail(event.target.value)}
[7m   [0m [91m                             ~~~~~[0m

[96mapp/(app)/students/[studentId]/page.tsx[0m:[93m326[0m:[93m18[0m - [91merror[0m[90m TS2552: [0mCannot find name 'Input'. Did you mean 'oninput'?

[7m326[0m                 <Input
[7m   [0m [91m                 ~~~~~[0m

  [96m../../node_modules/typescript/lib/lib.dom.d.ts[0m:[93m38917[0m:[93m13[0m
    [7m38917[0m declare var oninput: ((this: Window, ev: Event) => any) | null;
    [7m     [0m [96m            ~~~~~~~[0m
    'oninput' is declared here.

[96mapp/(app)/students/[studentId]/page.tsx[0m:[93m327[0m:[93m30[0m - [91merror[0m[90m TS7006: [0mParameter 'event' implicitly has an 'any' type.

[7m327[0m                   onChange={(event) => setNewParentRelation(event.target.value)}
[7m   [0m [91m                             ~~~~~[0m

[96mapp/(app)/students/[studentId]/page.tsx[0m:[93m365[0m:[93m30[0m - [91merror[0m[90m TS2322: [0mType '{ id: string; title: string; status: string; guide: string | null; scheduledFor: string | null; type: string; }[] | undefined' is not assignable to type 'StudentLessonItem[] | null | undefined'.
  Type '{ id: string; title: string; status: string; guide: string | null; scheduledFor: string | null; type: string; }[]' is not assignable to type 'StudentLessonItem[]'.
    Type '{ id: string; title: string; status: string; guide: string | null; scheduledFor: string | null; type: string; }' is not assignable to type 'StudentLessonItem'.
      Types of property 'status' are incompatible.
        Type 'string' is not assignable to type '"scheduled" | "completed" | "needed"'.

[7m365[0m         <StudentLessonsTable lessons={lessonItems ?? undefined} />
[7m   [0m [91m                             ~~~~~~~[0m

  [96mcomponents/app/students/student-lessons-table.tsx[0m:[93m37[0m:[93m3[0m
    [7m37[0m   lessons?: StudentLessonItem[] | null;
    [7m  [0m [96m  ~~~~~~~[0m
    The expected type comes from property 'lessons' which is declared here on type 'IntrinsicAttributes & StudentLessonsTableProps'

[96mlib/api/endpoints.ts[0m:[93m180[0m:[93m17[0m - [91merror[0m[90m TS2349: [0mThis expression is not callable.
  Type 'never' has no call signatures.

[7m180[0m     client.team.$get(
[7m   [0m [91m                ~~~~[0m

[96mlib/api/endpoints.ts[0m:[93m198[0m:[93m23[0m - [91merror[0m[90m TS2349: [0mThis expression is not callable.
  Type 'never' has no call signatures.

[7m198[0m     client.classrooms.$get(
[7m   [0m [91m                      ~~~~[0m

[96mlib/api/endpoints.ts[0m:[93m219[0m:[93m23[0m - [91merror[0m[90m TS2349: [0mThis expression is not callable.
  Type 'never' has no call signatures.

[7m219[0m     client.classrooms.$post({
[7m   [0m [91m                      ~~~~~[0m

[96mlib/api/endpoints.ts[0m:[93m240[0m:[93m21[0m - [91merror[0m[90m TS2349: [0mThis expression is not callable.
  Type 'never' has no call signatures.

[7m240[0m     client.students.$get(
[7m   [0m [91m                    ~~~~[0m

[96mlib/api/endpoints.ts[0m:[93m280[0m:[93m21[0m - [91merror[0m[90m TS2349: [0mThis expression is not callable.
  Type 'never' has no call signatures.

[7m280[0m     client.students.$post({ json: payload }),
[7m   [0m [91m                    ~~~~~[0m

[96mlib/api/endpoints.ts[0m:[93m288[0m:[93m28[0m - [91merror[0m[90m TS2339: [0mProperty '$get' does not exist on type 'never'.

[7m288[0m     client.students[":id"].$get({ param: { id } }),
[7m   [0m [91m                           ~~~~[0m

[96mlib/api/endpoints.ts[0m:[93m425[0m:[93m19[0m - [91merror[0m[90m TS2349: [0mThis expression is not callable.
  Type 'never' has no call signatures.

[7m425[0m     client.habits.$get(
[7m   [0m [91m                  ~~~~[0m

[96mlib/api/endpoints.ts[0m:[93m441[0m:[93m39[0m - [91merror[0m[90m TS2339: [0mProperty '$post' does not exist on type 'never'.

[7m441[0m     client.habits[":id"]["check-ins"].$post({
[7m   [0m [91m                                      ~~~~~[0m

[96mlib/api/endpoints.ts[0m:[93m452[0m:[93m39[0m - [91merror[0m[90m TS2339: [0mProperty '$delete' does not exist on type 'never'.

[7m452[0m     client.habits[":id"]["check-ins"].$delete({
[7m   [0m [91m                                      ~~~~~~~[0m

[96mlib/api/endpoints.ts[0m:[93m505[0m:[93m33[0m - [91merror[0m[90m TS2349: [0mThis expression is not callable.
  Type 'never' has no call signatures.

[7m505[0m     client["student-summaries"].$get(
[7m   [0m [91m                                ~~~~[0m

[96mlib/api/endpoints.ts[0m:[93m663[0m:[93m33[0m - [91merror[0m[90m TS2349: [0mThis expression is not callable.
  Type 'never' has no call signatures.

[7m663[0m     client["student-summaries"].$post({ json: input }),
[7m   [0m [91m                                ~~~~~[0m

[96mlib/api/endpoints.ts[0m:[93m671[0m:[93m40[0m - [91merror[0m[90m TS2339: [0mProperty '$get' does not exist on type 'never'.

[7m671[0m     client["student-summaries"][":id"].$get({ param: { id } }),
[7m   [0m [91m                                       ~~~~[0m

[96mlib/api/endpoints.ts[0m:[93m704[0m:[93m25[0m - [91merror[0m[90m TS2349: [0mThis expression is not callable.
  Type 'never' has no call signatures.

[7m704[0m     client.observations.$get(
[7m   [0m [91m                        ~~~~[0m

[96mlib/api/endpoints.ts[0m:[93m747[0m:[93m18[0m - [91merror[0m[90m TS2349: [0mThis expression is not callable.
  Type 'never' has no call signatures.

[7m747[0m     client.tasks.$get(
[7m   [0m [91m                 ~~~~[0m

[96mlib/api/endpoints.ts[0m:[93m938[0m:[93m19[0m - [91merror[0m[90m TS2349: [0mThis expression is not callable.
  Type 'never' has no call signatures.

[7m938[0m     client.habits.$post({
[7m   [0m [91m                  ~~~~~[0m

[96mlib/api/endpoints.ts[0m:[93m1042[0m:[93m7[0m - [91merror[0m[90m TS2345: [0mArgument of type '{ init: { signal: AbortSignal; }; } | undefined' is not assignable to parameter of type 'undefined'.
  Type '{ init: { signal: AbortSignal; }; }' is not assignable to type 'undefined'.

[7m1042[0m       options.signal ? { init: { signal: options.signal } } : undefined,
[7m    [0m [91m      ~~~~~~~~~~~~~~~~~~~~~~~~~~~~~~~~~~~~~~~~~~~~~~~~~~~~~~~~~~~~~~~~~[0m


Found 24 errors in 2 files.

Errors  Files
     7  app/(app)/students/[studentId]/page.tsx[90m:313[0m
    16  lib/api/endpoints.ts[90m:180[0m
[0m[31merror[0m[2m:[0m script [1m"typecheck"[0m exited with code 1[0m
